<?xml version="1.0" encoding="UTF-8"?>
<!-- Generated by org.testng.reporters.JUnitReportReporter -->
<testsuite skipped="0" hostname="LAPTOP-8EOH72CO" name="com.jakartalabs.may2021.AppTest" tests="1" failures="0" timestamp="12 Jun 2021 09:23:41 GMT" time="16.087" errors="0">
  <testcase name="loginTest" time="16.087" classname="com.jakartalabs.may2021.AppTest"/>
</testsuite> <!-- com.jakartalabs.may2021.AppTest -->
